<!DOCTYPE html>
<html>
<head>
<meta http-equiv="Content-Type" content="text/html; charset=utf-8"/>
<meta http-equiv="x-ua-compatible" content="IE=edge"/>
<title>Test results - Class com.qa.trello.tests.BoardCreationTests</title>
<link href="../css/base-style.css" rel="stylesheet" type="text/css"/>
<link href="../css/style.css" rel="stylesheet" type="text/css"/>
<script src="../js/report.js" type="text/javascript"></script>
</head>
<body>
<div id="content">
<h1>Class com.qa.trello.tests.BoardCreationTests</h1>
<div class="breadcrumbs">
<a href="../index.html">all</a> &gt; 
<a href="../packages/com.qa.trello.tests.html">com.qa.trello.tests</a> &gt; BoardCreationTests</div>
<div id="summary">
<table>
<tr>
<td>
<div class="summaryGroup">
<table>
<tr>
<td>
<div class="infoBox" id="tests">
<div class="counter">1</div>
<p>tests</p>
</div>
</td>
<td>
<div class="infoBox" id="failures">
<div class="counter">1</div>
<p>failures</p>
</div>
</td>
<td>
<div class="infoBox" id="ignored">
<div class="counter">0</div>
<p>ignored</p>
</div>
</td>
<td>
<div class="infoBox" id="duration">
<div class="counter">22.088s</div>
<p>duration</p>
</div>
</td>
</tr>
</table>
</div>
</td>
<td>
<div class="infoBox failures" id="successRate">
<div class="percent">0%</div>
<p>successful</p>
</div>
</td>
</tr>
</table>
</div>
<div id="tabs">
<ul class="tabLinks">
<li>
<a href="#tab0">Failed tests</a>
</li>
<li>
<a href="#tab1">Tests</a>
</li>
<li>
<a href="#tab2">Standard error</a>
</li>
</ul>
<div id="tab0" class="tab">
<h2>Failed tests</h2>
<div class="test">
<a name="testBoardCreation"></a>
<h3 class="failures">testBoardCreation</h3>
<span class="code">
<pre>org.openqa.selenium.TimeoutException: Expected condition failed: waiting for presence of element located by: By.name: user (tried for 20 second(s) with 500 milliseconds interval)
	at org.openqa.selenium.support.ui.WebDriverWait.timeoutException(WebDriverWait.java:95)
	at org.openqa.selenium.support.ui.FluentWait.until(FluentWait.java:272)
	at com.qa.trello.tests.BoardCreationTests.click(BoardCreationTests.java:68)
	at com.qa.trello.tests.BoardCreationTests.type(BoardCreationTests.java:62)
	at com.qa.trello.tests.BoardCreationTests.fillLoginFormAtlassian(BoardCreationTests.java:52)
	at com.qa.trello.tests.BoardCreationTests.testBoardCreation(BoardCreationTests.java:33)
	at sun.reflect.NativeMethodAccessorImpl.invoke0(Native Method)
	at sun.reflect.NativeMethodAccessorImpl.invoke(NativeMethodAccessorImpl.java:62)
	at sun.reflect.DelegatingMethodAccessorImpl.invoke(DelegatingMethodAccessorImpl.java:43)
	at java.lang.reflect.Method.invoke(Method.java:498)
	at org.testng.internal.MethodInvocationHelper.invokeMethod(MethodInvocationHelper.java:134)
	at org.testng.internal.TestInvoker.invokeMethod(TestInvoker.java:597)
	at org.testng.internal.TestInvoker.invokeTestMethod(TestInvoker.java:173)
	at org.testng.internal.MethodRunner.runInSequence(MethodRunner.java:46)
	at org.testng.internal.TestInvoker$MethodInvocationAgent.invoke(TestInvoker.java:816)
	at org.testng.internal.TestInvoker.invokeTestMethods(TestInvoker.java:146)
	at org.testng.internal.TestMethodWorker.invokeTestMethods(TestMethodWorker.java:146)
	at org.testng.internal.TestMethodWorker.run(TestMethodWorker.java:128)
	at java.util.ArrayList.forEach(ArrayList.java:1257)
	at org.testng.TestRunner.privateRun(TestRunner.java:766)
	at org.testng.TestRunner.run(TestRunner.java:587)
	at org.testng.SuiteRunner.runTest(SuiteRunner.java:384)
	at org.testng.SuiteRunner.runSequentially(SuiteRunner.java:378)
	at org.testng.SuiteRunner.privateRun(SuiteRunner.java:337)
	at org.testng.SuiteRunner.run(SuiteRunner.java:286)
	at org.testng.SuiteRunnerWorker.runSuite(SuiteRunnerWorker.java:53)
	at org.testng.SuiteRunnerWorker.run(SuiteRunnerWorker.java:96)
	at org.testng.TestNG.runSuitesSequentially(TestNG.java:1187)
	at org.testng.TestNG.runSuitesLocally(TestNG.java:1109)
	at org.testng.TestNG.runSuites(TestNG.java:1039)
	at org.testng.TestNG.run(TestNG.java:1007)
	at org.gradle.api.internal.tasks.testing.testng.TestNGTestClassProcessor.runTests(TestNGTestClassProcessor.java:141)
	at org.gradle.api.internal.tasks.testing.testng.TestNGTestClassProcessor.stop(TestNGTestClassProcessor.java:90)
	at org.gradle.api.internal.tasks.testing.SuiteTestClassProcessor.stop(SuiteTestClassProcessor.java:61)
	at sun.reflect.NativeMethodAccessorImpl.invoke0(Native Method)
	at sun.reflect.NativeMethodAccessorImpl.invoke(NativeMethodAccessorImpl.java:62)
	at sun.reflect.DelegatingMethodAccessorImpl.invoke(DelegatingMethodAccessorImpl.java:43)
	at java.lang.reflect.Method.invoke(Method.java:498)
	at org.gradle.internal.dispatch.ReflectionDispatch.dispatch(ReflectionDispatch.java:35)
	at org.gradle.internal.dispatch.ReflectionDispatch.dispatch(ReflectionDispatch.java:24)
	at org.gradle.internal.dispatch.ContextClassLoaderDispatch.dispatch(ContextClassLoaderDispatch.java:32)
	at org.gradle.internal.dispatch.ProxyDispatchAdapter$DispatchingInvocationHandler.invoke(ProxyDispatchAdapter.java:93)
	at com.sun.proxy.$Proxy2.stop(Unknown Source)
	at org.gradle.api.internal.tasks.testing.worker.TestWorker.stop(TestWorker.java:132)
	at sun.reflect.NativeMethodAccessorImpl.invoke0(Native Method)
	at sun.reflect.NativeMethodAccessorImpl.invoke(NativeMethodAccessorImpl.java:62)
	at sun.reflect.DelegatingMethodAccessorImpl.invoke(DelegatingMethodAccessorImpl.java:43)
	at java.lang.reflect.Method.invoke(Method.java:498)
	at org.gradle.internal.dispatch.ReflectionDispatch.dispatch(ReflectionDispatch.java:35)
	at org.gradle.internal.dispatch.ReflectionDispatch.dispatch(ReflectionDispatch.java:24)
	at org.gradle.internal.remote.internal.hub.MessageHubBackedObjectConnection$DispatchWrapper.dispatch(MessageHubBackedObjectConnection.java:175)
	at org.gradle.internal.remote.internal.hub.MessageHubBackedObjectConnection$DispatchWrapper.dispatch(MessageHubBackedObjectConnection.java:157)
	at org.gradle.internal.remote.internal.hub.MessageHub$Handler.run(MessageHub.java:404)
	at org.gradle.internal.concurrent.ExecutorPolicy$CatchAndRecordFailures.onExecute(ExecutorPolicy.java:63)
	at org.gradle.internal.concurrent.ManagedExecutorImpl$1.run(ManagedExecutorImpl.java:46)
	at java.util.concurrent.ThreadPoolExecutor.runWorker(ThreadPoolExecutor.java:1149)
	at java.util.concurrent.ThreadPoolExecutor$Worker.run(ThreadPoolExecutor.java:624)
	at org.gradle.internal.concurrent.ThreadFactoryImpl$ManagedThreadRunnable.run(ThreadFactoryImpl.java:55)
	at java.lang.Thread.run(Thread.java:748)
Caused by: org.openqa.selenium.NoSuchElementException: no such element: Unable to locate element: {&quot;method&quot;:&quot;css selector&quot;,&quot;selector&quot;:&quot;*[name='user']&quot;}
  (Session info: chrome=80.0.3987.163)
For documentation on this error, please visit: https://www.seleniumhq.org/exceptions/no_such_element.html
Build info: version: '3.141.59', revision: 'e82be7d358', time: '2018-11-14T08:17:03'
System info: host: 'KRINA', ip: '192.168.232.2', os.name: 'Windows 10', os.arch: 'amd64', os.version: '10.0', java.version: '1.8.0_241'
Driver info: org.openqa.selenium.chrome.ChromeDriver
Capabilities {acceptInsecureCerts: false, browserName: chrome, browserVersion: 80.0.3987.163, chrome: {chromedriverVersion: 80.0.3987.106 (f68069574609..., userDataDir: C:\Users\Elena\AppData\Loca...}, goog:chromeOptions: {debuggerAddress: localhost:49160}, javascriptEnabled: true, networkConnectionEnabled: false, pageLoadStrategy: normal, platform: WINDOWS, platformName: WINDOWS, proxy: Proxy(), setWindowRect: true, strictFileInteractability: false, timeouts: {implicit: 0, pageLoad: 300000, script: 30000}, unhandledPromptBehavior: dismiss and notify}
Session ID: 06d26d2c73ac07aa2cc9e151cff157d1
*** Element info: {Using=name, value=user}
	at sun.reflect.NativeConstructorAccessorImpl.newInstance0(Native Method)
	at sun.reflect.NativeConstructorAccessorImpl.newInstance(NativeConstructorAccessorImpl.java:62)
	at sun.reflect.DelegatingConstructorAccessorImpl.newInstance(DelegatingConstructorAccessorImpl.java:45)
	at java.lang.reflect.Constructor.newInstance(Constructor.java:423)
	at org.openqa.selenium.remote.http.W3CHttpResponseCodec.createException(W3CHttpResponseCodec.java:187)
	at org.openqa.selenium.remote.http.W3CHttpResponseCodec.decode(W3CHttpResponseCodec.java:122)
	at org.openqa.selenium.remote.http.W3CHttpResponseCodec.decode(W3CHttpResponseCodec.java:49)
	at org.openqa.selenium.remote.HttpCommandExecutor.execute(HttpCommandExecutor.java:158)
	at org.openqa.selenium.remote.service.DriverCommandExecutor.execute(DriverCommandExecutor.java:83)
	at org.openqa.selenium.remote.RemoteWebDriver.execute(RemoteWebDriver.java:552)
	at org.openqa.selenium.remote.RemoteWebDriver.findElement(RemoteWebDriver.java:323)
	at org.openqa.selenium.remote.RemoteWebDriver.findElementByName(RemoteWebDriver.java:404)
	at org.openqa.selenium.By$ByName.findElement(By.java:284)
	at org.openqa.selenium.remote.RemoteWebDriver.findElement(RemoteWebDriver.java:315)
	at org.openqa.selenium.support.ui.ExpectedConditions$6.apply(ExpectedConditions.java:182)
	at org.openqa.selenium.support.ui.ExpectedConditions$6.apply(ExpectedConditions.java:179)
	at org.openqa.selenium.support.ui.FluentWait.until(FluentWait.java:249)
	... 57 more
</pre>
</span>
</div>
</div>
<div id="tab1" class="tab">
<h2>Tests</h2>
<table>
<thead>
<tr>
<th>Test</th>
<th>Duration</th>
<th>Result</th>
</tr>
</thead>
<tr>
<td class="failures">testBoardCreation</td>
<td class="failures">22.088s</td>
<td class="failures">failed</td>
</tr>
</table>
</div>
<div id="tab2" class="tab">
<h2>Standard error</h2>
<span class="code">
<pre>Starting ChromeDriver 80.0.3987.106 (f68069574609230cf9b635cd784cfb1bf81bb53a-refs/branch-heads/3987@{#882}) on port 42076
Only local connections are allowed.
Please protect ports used by ChromeDriver and related test frameworks to prevent access by malicious code.
[1586196791.345][WARNING]: Timed out connecting to Chrome, retrying...
апр 06, 2020 9:13:13 PM org.openqa.selenium.remote.ProtocolHandshake createSession
INFO: Detected dialect: W3C
[1586196796.216][WARNING]: Timed out connecting to Chrome, retrying...
[1586196802.892][SEVERE]: Timed out receiving message from renderer: 0.100
[1586196802.994][SEVERE]: Timed out receiving message from renderer: 0.100
[1586196803.096][SEVERE]: Timed out receiving message from renderer: 0.100
[1586196803.199][SEVERE]: Timed out receiving message from renderer: 0.100
[1586196803.301][SEVERE]: Timed out receiving message from renderer: 0.100
[1586196803.407][SEVERE]: Timed out receiving message from renderer: 0.100
[1586196803.511][SEVERE]: Timed out receiving message from renderer: 0.100
[1586196803.613][SEVERE]: Timed out receiving message from renderer: 0.100
[1586196803.715][SEVERE]: Timed out receiving message from renderer: 0.100
[1586196803.821][SEVERE]: Timed out receiving message from renderer: 0.100
[1586196803.930][SEVERE]: Timed out receiving message from renderer: 0.100
[1586196804.564][SEVERE]: Timed out receiving message from renderer: 0.100
[1586196804.690][SEVERE]: Timed out receiving message from renderer: 0.100
[1586196804.805][SEVERE]: Timed out receiving message from renderer: 0.100
[1586196804.911][SEVERE]: Timed out receiving message from renderer: 0.100
[1586196805.014][SEVERE]: Timed out receiving message from renderer: 0.100
[1586196805.124][SEVERE]: Timed out receiving message from renderer: 0.100
[1586196805.230][SEVERE]: Timed out receiving message from renderer: 0.100
[1586196805.339][SEVERE]: Timed out receiving message from renderer: 0.100
[1586196805.472][SEVERE]: Timed out receiving message from renderer: 0.100
[1586196805.576][SEVERE]: Timed out receiving message from renderer: 0.100
[1586196805.679][SEVERE]: Timed out receiving message from renderer: 0.100
[1586196805.782][SEVERE]: Timed out receiving message from renderer: 0.100
[1586196805.884][SEVERE]: Timed out receiving message from renderer: 0.100
[1586196805.989][SEVERE]: Timed out receiving message from renderer: 0.100
[1586196806.092][SEVERE]: Timed out receiving message from renderer: 0.100
[1586196806.195][SEVERE]: Timed out receiving message from renderer: 0.100
[1586196806.304][SEVERE]: Timed out receiving message from renderer: 0.100
[1586196806.410][SEVERE]: Timed out receiving message from renderer: 0.100
[1586196806.515][SEVERE]: Timed out receiving message from renderer: 0.100
[1586196806.621][SEVERE]: Timed out receiving message from renderer: 0.100
[1586196806.730][SEVERE]: Timed out receiving message from renderer: 0.100
[1586196806.831][SEVERE]: Timed out receiving message from renderer: 0.100
[1586196806.940][SEVERE]: Timed out receiving message from renderer: 0.100
[1586196807.042][SEVERE]: Timed out receiving message from renderer: 0.100
[1586196807.145][SEVERE]: Timed out receiving message from renderer: 0.100
[1586196807.253][SEVERE]: Timed out receiving message from renderer: 0.100
[1586196807.359][SEVERE]: Timed out receiving message from renderer: 0.100
[1586196807.477][SEVERE]: Timed out receiving message from renderer: 0.100
[1586196807.585][SEVERE]: Timed out receiving message from renderer: 0.100
[1586196807.689][SEVERE]: Timed out receiving message from renderer: 0.100
[1586196807.794][SEVERE]: Timed out receiving message from renderer: 0.100
[1586196807.901][SEVERE]: Timed out receiving message from renderer: 0.100
[1586196808.584][SEVERE]: Timed out receiving message from renderer: 0.100
[1586196808.756][SEVERE]: Timed out receiving message from renderer: 0.100
[1586196812.488][SEVERE]: Timed out receiving message from renderer: 0.100
[1586196812.709][SEVERE]: Timed out receiving message from renderer: 0.100
[1586196812.930][SEVERE]: Timed out receiving message from renderer: 0.100
[1586196813.041][SEVERE]: Timed out receiving message from renderer: 0.100
[1586196813.144][SEVERE]: Timed out receiving message from renderer: 0.100
[1586196813.245][SEVERE]: Timed out receiving message from renderer: 0.100
[1586196813.363][SEVERE]: Timed out receiving message from renderer: 0.100
[1586196815.020][SEVERE]: Timed out receiving message from renderer: 0.100
[1586196815.123][SEVERE]: Timed out receiving message from renderer: 0.100
[1586196815.248][SEVERE]: Timed out receiving message from renderer: 0.100
[1586196815.400][SEVERE]: Timed out receiving message from renderer: 0.100
[1586196815.510][SEVERE]: Timed out receiving message from renderer: 0.100
[1586196815.612][SEVERE]: Timed out receiving message from renderer: 0.100
[1586196815.726][SEVERE]: Timed out receiving message from renderer: 0.100
[1586196815.831][SEVERE]: Timed out receiving message from renderer: 0.100
[1586196815.933][SEVERE]: Timed out receiving message from renderer: 0.100
[1586196816.048][SEVERE]: Timed out receiving message from renderer: 0.100
[1586196816.170][SEVERE]: Timed out receiving message from renderer: 0.100
[1586196816.274][SEVERE]: Timed out receiving message from renderer: 0.100
[1586196816.389][SEVERE]: Timed out receiving message from renderer: 0.100
[1586196816.495][SEVERE]: Timed out receiving message from renderer: 0.100
[1586196816.671][SEVERE]: Timed out receiving message from renderer: 0.100
[1586196816.775][SEVERE]: Timed out receiving message from renderer: 0.100
[1586196816.877][SEVERE]: Timed out receiving message from renderer: 0.100
[1586196816.980][SEVERE]: Timed out receiving message from renderer: 0.100
[1586196817.086][SEVERE]: Timed out receiving message from renderer: 0.100
[1586196817.192][SEVERE]: Timed out receiving message from renderer: 0.100
[1586196817.294][SEVERE]: Timed out receiving message from renderer: 0.100
[1586196817.397][SEVERE]: Timed out receiving message from renderer: 0.100
[1586196817.499][SEVERE]: Timed out receiving message from renderer: 0.100
[1586196817.606][SEVERE]: Timed out receiving message from renderer: 0.100
[1586196817.708][SEVERE]: Timed out receiving message from renderer: 0.100
[1586196817.811][SEVERE]: Timed out receiving message from renderer: 0.100
[1586196817.915][SEVERE]: Timed out receiving message from renderer: 0.100
[1586196818.043][SEVERE]: Timed out receiving message from renderer: 0.100
[1586196818.145][SEVERE]: Timed out receiving message from renderer: 0.100
[1586196818.260][SEVERE]: Timed out receiving message from renderer: 0.100
[1586196818.709][SEVERE]: Timed out receiving message from renderer: 0.100
[1586196818.845][SEVERE]: Timed out receiving message from renderer: 0.100
[1586196819.064][SEVERE]: Timed out receiving message from renderer: 0.100
[1586196825.762][SEVERE]: Timed out receiving message from renderer: 0.100
</pre>
</span>
</div>
</div>
<div id="footer">
<p>
<div>
<label class="hidden" id="label-for-line-wrapping-toggle" for="line-wrapping-toggle">Wrap lines
<input id="line-wrapping-toggle" type="checkbox" autocomplete="off"/>
</label>
</div>Generated by 
<a href="http://www.gradle.org">Gradle 5.2.1</a> at 06.04.2020 21:14:02</p>
</div>
</div>
</body>
</html>
